<?xml version="1.0" encoding="UTF-8"?>
<testng-results skipped="0" failed="0" ignored="0" total="1" passed="1">
  <reporter-output>
  </reporter-output>
  <suite name="Default suite" duration-ms="27271" started-at="2020-06-15T18:43:34 IST" finished-at="2020-06-15T18:44:01 IST">
    <groups>
    </groups>
    <test name="Default test" duration-ms="27271" started-at="2020-06-15T18:43:34 IST" finished-at="2020-06-15T18:44:01 IST">
      <class name="jsonDataAnalyzing.JsonMap">
        <test-method status="PASS" signature="validation()[pri:0, instance:jsonDataAnalyzing.JsonMap@cd2dae5]" name="validation" duration-ms="27045" started-at="2020-06-15T18:43:34 IST" finished-at="2020-06-15T18:44:01 IST">
          <reporter-output>
          </reporter-output>
        </test-method> <!-- validation -->
      </class> <!-- jsonDataAnalyzing.JsonMap -->
    </test> <!-- Default test -->
  </suite> <!-- Default suite -->
</testng-results>
