<?xml version="1.0" encoding="UTF-8"?>
<!-- Generated by org.testng.reporters.JUnitXMLReporter -->
<testsuite hostname="sys" ignored="0" name="Default test" tests="3" failures="0" timestamp="2020-06-01T18:23:16 IST" time="6.934" errors="0">
  <testcase name="postOpetation" time="6.039" classname="libraryAPI.UsingDataProvider"/>
  <testcase name="postOpetation" time="0.391" classname="libraryAPI.UsingDataProvider"/>
  <testcase name="postOpetation" time="0.36" classname="libraryAPI.UsingDataProvider"/>
</testsuite> <!-- Default test -->
