<?xml version="1.0" encoding="UTF-8"?>
<testng-results skipped="0" failed="0" ignored="0" total="3" passed="3">
  <reporter-output>
  </reporter-output>
  <suite name="Default suite" duration-ms="6934" started-at="2020-06-01T18:23:09 IST" finished-at="2020-06-01T18:23:16 IST">
    <groups>
    </groups>
    <test name="Default test" duration-ms="6934" started-at="2020-06-01T18:23:09 IST" finished-at="2020-06-01T18:23:16 IST">
      <class name="libraryAPI.UsingDataProvider">
        <test-method status="PASS" signature="postOpetation(java.lang.String, java.lang.String)[pri:0, instance:libraryAPI.UsingDataProvider@2d8f65a4]" name="postOpetation" duration-ms="6039" started-at="2020-06-01T18:23:09 IST" data-provider="forJson" finished-at="2020-06-01T18:23:15 IST">
          <params>
            <param index="0">
              <value>
                <![CDATA[Art]]>
              </value>
            </param>
            <param index="1">
              <value>
                <![CDATA[001]]>
              </value>
            </param>
          </params>
          <reporter-output>
          </reporter-output>
        </test-method> <!-- postOpetation -->
        <test-method status="PASS" signature="postOpetation(java.lang.String, java.lang.String)[pri:0, instance:libraryAPI.UsingDataProvider@2d8f65a4]" name="postOpetation" duration-ms="391" started-at="2020-06-01T18:23:15 IST" data-provider="forJson" finished-at="2020-06-01T18:23:15 IST">
          <params>
            <param index="0">
              <value>
                <![CDATA[BaseBass]]>
              </value>
            </param>
            <param index="1">
              <value>
                <![CDATA[002]]>
              </value>
            </param>
          </params>
          <reporter-output>
          </reporter-output>
        </test-method> <!-- postOpetation -->
        <test-method status="PASS" signature="postOpetation(java.lang.String, java.lang.String)[pri:0, instance:libraryAPI.UsingDataProvider@2d8f65a4]" name="postOpetation" duration-ms="360" started-at="2020-06-01T18:23:15 IST" data-provider="forJson" finished-at="2020-06-01T18:23:16 IST">
          <params>
            <param index="0">
              <value>
                <![CDATA[Curiosity]]>
              </value>
            </param>
            <param index="1">
              <value>
                <![CDATA[003]]>
              </value>
            </param>
          </params>
          <reporter-output>
          </reporter-output>
        </test-method> <!-- postOpetation -->
      </class> <!-- libraryAPI.UsingDataProvider -->
    </test> <!-- Default test -->
  </suite> <!-- Default suite -->
</testng-results>
